ARM GAS  C:\Users\Cheng\AppData\Local\Temp\ccchMOG9.s 			page 1


   1              		.cpu cortex-m3
   2              		.eabi_attribute 20, 1
   3              		.eabi_attribute 21, 1
   4              		.eabi_attribute 23, 3
   5              		.eabi_attribute 24, 1
   6              		.eabi_attribute 25, 1
   7              		.eabi_attribute 26, 1
   8              		.eabi_attribute 30, 1
   9              		.eabi_attribute 34, 1
  10              		.eabi_attribute 18, 4
  11              		.file	"main.c"
  12              		.text
  13              	.Ltext0:
  14              		.cfi_sections	.debug_frame
  15              		.section	.text.Error_Handler,"ax",%progbits
  16              		.align	1
  17              		.global	Error_Handler
  18              		.arch armv7-m
  19              		.syntax unified
  20              		.thumb
  21              		.thumb_func
  22              		.fpu softvfp
  24              	Error_Handler:
  25              	.LFB70:
  26              		.file 1 "Core/Src/main.c"
   1:Core/Src/main.c **** /* USER CODE BEGIN Header */
   2:Core/Src/main.c **** /**
   3:Core/Src/main.c ****   ******************************************************************************
   4:Core/Src/main.c ****   * @file           : main.c
   5:Core/Src/main.c ****   * @brief          : Main program body
   6:Core/Src/main.c ****   ******************************************************************************
   7:Core/Src/main.c ****   * @attention
   8:Core/Src/main.c ****   *
   9:Core/Src/main.c ****   * <h2><center>&copy; Copyright (c) 2021 STMicroelectronics.
  10:Core/Src/main.c ****   * All rights reserved.</center></h2>
  11:Core/Src/main.c ****   *
  12:Core/Src/main.c ****   * This software component is licensed by ST under BSD 3-Clause license,
  13:Core/Src/main.c ****   * the "License"; You may not use this file except in compliance with the
  14:Core/Src/main.c ****   * License. You may obtain a copy of the License at:
  15:Core/Src/main.c ****   *                        opensource.org/licenses/BSD-3-Clause
  16:Core/Src/main.c ****   *
  17:Core/Src/main.c ****   ******************************************************************************
  18:Core/Src/main.c ****   */
  19:Core/Src/main.c **** /* USER CODE END Header */
  20:Core/Src/main.c **** /* Includes ------------------------------------------------------------------*/
  21:Core/Src/main.c **** #include "main.h"
  22:Core/Src/main.c **** #include "tim.h"
  23:Core/Src/main.c **** #include "gpio.h"
  24:Core/Src/main.c **** 
  25:Core/Src/main.c **** /* Private includes ----------------------------------------------------------*/
  26:Core/Src/main.c **** /* USER CODE BEGIN Includes */
  27:Core/Src/main.c **** #include <stdio.h>
  28:Core/Src/main.c **** #include <string.h>
  29:Core/Src/main.c **** 
  30:Core/Src/main.c **** /* USER CODE END Includes */
  31:Core/Src/main.c **** 
  32:Core/Src/main.c **** /* Private typedef -----------------------------------------------------------*/
ARM GAS  C:\Users\Cheng\AppData\Local\Temp\ccchMOG9.s 			page 2


  33:Core/Src/main.c **** /* USER CODE BEGIN PTD */
  34:Core/Src/main.c **** 
  35:Core/Src/main.c **** /* USER CODE END PTD */
  36:Core/Src/main.c **** 
  37:Core/Src/main.c **** /* Private define ------------------------------------------------------------*/
  38:Core/Src/main.c **** /* USER CODE BEGIN PD */
  39:Core/Src/main.c **** /* USER CODE END PD */
  40:Core/Src/main.c **** 
  41:Core/Src/main.c **** /* Private macro -------------------------------------------------------------*/
  42:Core/Src/main.c **** /* USER CODE BEGIN PM */
  43:Core/Src/main.c **** 
  44:Core/Src/main.c **** /* USER CODE END PM */
  45:Core/Src/main.c **** 
  46:Core/Src/main.c **** /* Private variables ---------------------------------------------------------*/
  47:Core/Src/main.c **** 
  48:Core/Src/main.c **** /* USER CODE BEGIN PV */
  49:Core/Src/main.c **** 
  50:Core/Src/main.c **** /* USER CODE END PV */
  51:Core/Src/main.c **** 
  52:Core/Src/main.c **** /* Private function prototypes -----------------------------------------------*/
  53:Core/Src/main.c **** void SystemClock_Config(void);
  54:Core/Src/main.c **** /* USER CODE BEGIN PFP */
  55:Core/Src/main.c **** 
  56:Core/Src/main.c **** /* USER CODE END PFP */
  57:Core/Src/main.c **** 
  58:Core/Src/main.c **** /* Private user code ---------------------------------------------------------*/
  59:Core/Src/main.c **** /* USER CODE BEGIN 0 */
  60:Core/Src/main.c **** 
  61:Core/Src/main.c **** /* USER CODE END 0 */
  62:Core/Src/main.c **** 
  63:Core/Src/main.c **** /**
  64:Core/Src/main.c ****   * @brief  The application entry point.
  65:Core/Src/main.c ****   * @retval int
  66:Core/Src/main.c ****   */
  67:Core/Src/main.c **** int main(void)
  68:Core/Src/main.c **** {
  69:Core/Src/main.c ****     /* USER CODE BEGIN 1 */
  70:Core/Src/main.c **** 
  71:Core/Src/main.c ****     /* USER CODE END 1 */
  72:Core/Src/main.c **** 
  73:Core/Src/main.c ****     /* MCU Configuration--------------------------------------------------------*/
  74:Core/Src/main.c **** 
  75:Core/Src/main.c ****     /* Reset of all peripherals, Initializes the Flash interface and the Systick. */
  76:Core/Src/main.c ****     HAL_Init();
  77:Core/Src/main.c **** 
  78:Core/Src/main.c ****     /* USER CODE BEGIN Init */
  79:Core/Src/main.c **** 
  80:Core/Src/main.c ****     /* USER CODE END Init */
  81:Core/Src/main.c **** 
  82:Core/Src/main.c ****     /* Configure the system clock */
  83:Core/Src/main.c ****     SystemClock_Config();
  84:Core/Src/main.c **** 
  85:Core/Src/main.c ****     /* USER CODE BEGIN SysInit */
  86:Core/Src/main.c **** 
  87:Core/Src/main.c ****     /* USER CODE END SysInit */
  88:Core/Src/main.c **** 
  89:Core/Src/main.c ****     /* Initialize all configured peripherals */
ARM GAS  C:\Users\Cheng\AppData\Local\Temp\ccchMOG9.s 			page 3


  90:Core/Src/main.c ****     MX_GPIO_Init();
  91:Core/Src/main.c ****     MX_TIM1_Init();
  92:Core/Src/main.c ****     /* USER CODE BEGIN 2 */
  93:Core/Src/main.c ****     mx_ina226_init();
  94:Core/Src/main.c ****     OLED_Init();
  95:Core/Src/main.c ****     OLED_Clear();
  96:Core/Src/main.c ****     HAL_TIM_Base_Start_IT(&htim1);
  97:Core/Src/main.c ****     /* USER CODE END 2 */
  98:Core/Src/main.c **** 
  99:Core/Src/main.c ****     /* Infinite loop */
 100:Core/Src/main.c ****     /* USER CODE BEGIN WHILE */
 101:Core/Src/main.c ****     while (1)
 102:Core/Src/main.c ****     {
 103:Core/Src/main.c ****         /* USER CODE END WHILE */
 104:Core/Src/main.c **** 
 105:Core/Src/main.c ****         /* USER CODE BEGIN 3 */
 106:Core/Src/main.c ****     }
 107:Core/Src/main.c ****     /* USER CODE END 3 */
 108:Core/Src/main.c **** }
 109:Core/Src/main.c **** 
 110:Core/Src/main.c **** /**
 111:Core/Src/main.c ****   * @brief System Clock Configuration
 112:Core/Src/main.c ****   * @retval None
 113:Core/Src/main.c ****   */
 114:Core/Src/main.c **** void SystemClock_Config(void)
 115:Core/Src/main.c **** {
 116:Core/Src/main.c ****     RCC_OscInitTypeDef RCC_OscInitStruct = {0};
 117:Core/Src/main.c ****     RCC_ClkInitTypeDef RCC_ClkInitStruct = {0};
 118:Core/Src/main.c **** 
 119:Core/Src/main.c ****     /** Initializes the RCC Oscillators according to the specified parameters
 120:Core/Src/main.c ****   * in the RCC_OscInitTypeDef structure.
 121:Core/Src/main.c ****   */
 122:Core/Src/main.c ****     RCC_OscInitStruct.OscillatorType = RCC_OSCILLATORTYPE_HSE;
 123:Core/Src/main.c ****     RCC_OscInitStruct.HSEState = RCC_HSE_ON;
 124:Core/Src/main.c ****     RCC_OscInitStruct.HSEPredivValue = RCC_HSE_PREDIV_DIV1;
 125:Core/Src/main.c ****     RCC_OscInitStruct.HSIState = RCC_HSI_ON;
 126:Core/Src/main.c ****     RCC_OscInitStruct.PLL.PLLState = RCC_PLL_ON;
 127:Core/Src/main.c ****     RCC_OscInitStruct.PLL.PLLSource = RCC_PLLSOURCE_HSE;
 128:Core/Src/main.c ****     RCC_OscInitStruct.PLL.PLLMUL = RCC_PLL_MUL9;
 129:Core/Src/main.c ****     if (HAL_RCC_OscConfig(&RCC_OscInitStruct) != HAL_OK)
 130:Core/Src/main.c ****     {
 131:Core/Src/main.c ****         Error_Handler();
 132:Core/Src/main.c ****     }
 133:Core/Src/main.c ****     /** Initializes the CPU, AHB and APB buses clocks
 134:Core/Src/main.c ****   */
 135:Core/Src/main.c ****     RCC_ClkInitStruct.ClockType = RCC_CLOCKTYPE_HCLK | RCC_CLOCKTYPE_SYSCLK | RCC_CLOCKTYPE_PCLK1 |
 136:Core/Src/main.c ****     RCC_ClkInitStruct.SYSCLKSource = RCC_SYSCLKSOURCE_PLLCLK;
 137:Core/Src/main.c ****     RCC_ClkInitStruct.AHBCLKDivider = RCC_SYSCLK_DIV1;
 138:Core/Src/main.c ****     RCC_ClkInitStruct.APB1CLKDivider = RCC_HCLK_DIV2;
 139:Core/Src/main.c ****     RCC_ClkInitStruct.APB2CLKDivider = RCC_HCLK_DIV1;
 140:Core/Src/main.c **** 
 141:Core/Src/main.c ****     if (HAL_RCC_ClockConfig(&RCC_ClkInitStruct, FLASH_LATENCY_2) != HAL_OK)
 142:Core/Src/main.c ****     {
 143:Core/Src/main.c ****         Error_Handler();
 144:Core/Src/main.c ****     }
 145:Core/Src/main.c **** }
 146:Core/Src/main.c **** 
ARM GAS  C:\Users\Cheng\AppData\Local\Temp\ccchMOG9.s 			page 4


 147:Core/Src/main.c **** /* USER CODE BEGIN 4 */
 148:Core/Src/main.c **** 
 149:Core/Src/main.c **** /* USER CODE END 4 */
 150:Core/Src/main.c **** 
 151:Core/Src/main.c **** /**
 152:Core/Src/main.c ****   * @brief  This function is executed in case of error occurrence.
 153:Core/Src/main.c ****   * @retval None
 154:Core/Src/main.c ****   */
 155:Core/Src/main.c **** void Error_Handler(void)
 156:Core/Src/main.c **** {
  27              		.loc 1 156 1 view -0
  28              		.cfi_startproc
  29              		@ Volatile: function does not return.
  30              		@ args = 0, pretend = 0, frame = 0
  31              		@ frame_needed = 0, uses_anonymous_args = 0
  32              		@ link register save eliminated.
 157:Core/Src/main.c ****     /* USER CODE BEGIN Error_Handler_Debug */
 158:Core/Src/main.c ****     /* User can add his own implementation to report the HAL error return state */
 159:Core/Src/main.c ****     __disable_irq();
  33              		.loc 1 159 5 view .LVU1
  34              	.LBB4:
  35              	.LBI4:
  36              		.file 2 "Drivers/CMSIS/Include/cmsis_gcc.h"
   1:Drivers/CMSIS/Include/cmsis_gcc.h **** /**************************************************************************//**
   2:Drivers/CMSIS/Include/cmsis_gcc.h ****  * @file     cmsis_gcc.h
   3:Drivers/CMSIS/Include/cmsis_gcc.h ****  * @brief    CMSIS compiler GCC header file
   4:Drivers/CMSIS/Include/cmsis_gcc.h ****  * @version  V5.0.4
   5:Drivers/CMSIS/Include/cmsis_gcc.h ****  * @date     09. April 2018
   6:Drivers/CMSIS/Include/cmsis_gcc.h ****  ******************************************************************************/
   7:Drivers/CMSIS/Include/cmsis_gcc.h **** /*
   8:Drivers/CMSIS/Include/cmsis_gcc.h ****  * Copyright (c) 2009-2018 Arm Limited. All rights reserved.
   9:Drivers/CMSIS/Include/cmsis_gcc.h ****  *
  10:Drivers/CMSIS/Include/cmsis_gcc.h ****  * SPDX-License-Identifier: Apache-2.0
  11:Drivers/CMSIS/Include/cmsis_gcc.h ****  *
  12:Drivers/CMSIS/Include/cmsis_gcc.h ****  * Licensed under the Apache License, Version 2.0 (the License); you may
  13:Drivers/CMSIS/Include/cmsis_gcc.h ****  * not use this file except in compliance with the License.
  14:Drivers/CMSIS/Include/cmsis_gcc.h ****  * You may obtain a copy of the License at
  15:Drivers/CMSIS/Include/cmsis_gcc.h ****  *
  16:Drivers/CMSIS/Include/cmsis_gcc.h ****  * www.apache.org/licenses/LICENSE-2.0
  17:Drivers/CMSIS/Include/cmsis_gcc.h ****  *
  18:Drivers/CMSIS/Include/cmsis_gcc.h ****  * Unless required by applicable law or agreed to in writing, software
  19:Drivers/CMSIS/Include/cmsis_gcc.h ****  * distributed under the License is distributed on an AS IS BASIS, WITHOUT
  20:Drivers/CMSIS/Include/cmsis_gcc.h ****  * WARRANTIES OR CONDITIONS OF ANY KIND, either express or implied.
  21:Drivers/CMSIS/Include/cmsis_gcc.h ****  * See the License for the specific language governing permissions and
  22:Drivers/CMSIS/Include/cmsis_gcc.h ****  * limitations under the License.
  23:Drivers/CMSIS/Include/cmsis_gcc.h ****  */
  24:Drivers/CMSIS/Include/cmsis_gcc.h **** 
  25:Drivers/CMSIS/Include/cmsis_gcc.h **** #ifndef __CMSIS_GCC_H
  26:Drivers/CMSIS/Include/cmsis_gcc.h **** #define __CMSIS_GCC_H
  27:Drivers/CMSIS/Include/cmsis_gcc.h **** 
  28:Drivers/CMSIS/Include/cmsis_gcc.h **** /* ignore some GCC warnings */
  29:Drivers/CMSIS/Include/cmsis_gcc.h **** #pragma GCC diagnostic push
  30:Drivers/CMSIS/Include/cmsis_gcc.h **** #pragma GCC diagnostic ignored "-Wsign-conversion"
  31:Drivers/CMSIS/Include/cmsis_gcc.h **** #pragma GCC diagnostic ignored "-Wconversion"
  32:Drivers/CMSIS/Include/cmsis_gcc.h **** #pragma GCC diagnostic ignored "-Wunused-parameter"
  33:Drivers/CMSIS/Include/cmsis_gcc.h **** 
  34:Drivers/CMSIS/Include/cmsis_gcc.h **** /* Fallback for __has_builtin */
ARM GAS  C:\Users\Cheng\AppData\Local\Temp\ccchMOG9.s 			page 5


  35:Drivers/CMSIS/Include/cmsis_gcc.h **** #ifndef __has_builtin
  36:Drivers/CMSIS/Include/cmsis_gcc.h ****   #define __has_builtin(x) (0)
  37:Drivers/CMSIS/Include/cmsis_gcc.h **** #endif
  38:Drivers/CMSIS/Include/cmsis_gcc.h **** 
  39:Drivers/CMSIS/Include/cmsis_gcc.h **** /* CMSIS compiler specific defines */
  40:Drivers/CMSIS/Include/cmsis_gcc.h **** #ifndef   __ASM
  41:Drivers/CMSIS/Include/cmsis_gcc.h ****   #define __ASM                                  __asm
  42:Drivers/CMSIS/Include/cmsis_gcc.h **** #endif
  43:Drivers/CMSIS/Include/cmsis_gcc.h **** #ifndef   __INLINE
  44:Drivers/CMSIS/Include/cmsis_gcc.h ****   #define __INLINE                               inline
  45:Drivers/CMSIS/Include/cmsis_gcc.h **** #endif
  46:Drivers/CMSIS/Include/cmsis_gcc.h **** #ifndef   __STATIC_INLINE
  47:Drivers/CMSIS/Include/cmsis_gcc.h ****   #define __STATIC_INLINE                        static inline
  48:Drivers/CMSIS/Include/cmsis_gcc.h **** #endif
  49:Drivers/CMSIS/Include/cmsis_gcc.h **** #ifndef   __STATIC_FORCEINLINE                 
  50:Drivers/CMSIS/Include/cmsis_gcc.h ****   #define __STATIC_FORCEINLINE                   __attribute__((always_inline)) static inline
  51:Drivers/CMSIS/Include/cmsis_gcc.h **** #endif                                           
  52:Drivers/CMSIS/Include/cmsis_gcc.h **** #ifndef   __NO_RETURN
  53:Drivers/CMSIS/Include/cmsis_gcc.h ****   #define __NO_RETURN                            __attribute__((__noreturn__))
  54:Drivers/CMSIS/Include/cmsis_gcc.h **** #endif
  55:Drivers/CMSIS/Include/cmsis_gcc.h **** #ifndef   __USED
  56:Drivers/CMSIS/Include/cmsis_gcc.h ****   #define __USED                                 __attribute__((used))
  57:Drivers/CMSIS/Include/cmsis_gcc.h **** #endif
  58:Drivers/CMSIS/Include/cmsis_gcc.h **** #ifndef   __WEAK
  59:Drivers/CMSIS/Include/cmsis_gcc.h ****   #define __WEAK                                 __attribute__((weak))
  60:Drivers/CMSIS/Include/cmsis_gcc.h **** #endif
  61:Drivers/CMSIS/Include/cmsis_gcc.h **** #ifndef   __PACKED
  62:Drivers/CMSIS/Include/cmsis_gcc.h ****   #define __PACKED                               __attribute__((packed, aligned(1)))
  63:Drivers/CMSIS/Include/cmsis_gcc.h **** #endif
  64:Drivers/CMSIS/Include/cmsis_gcc.h **** #ifndef   __PACKED_STRUCT
  65:Drivers/CMSIS/Include/cmsis_gcc.h ****   #define __PACKED_STRUCT                        struct __attribute__((packed, aligned(1)))
  66:Drivers/CMSIS/Include/cmsis_gcc.h **** #endif
  67:Drivers/CMSIS/Include/cmsis_gcc.h **** #ifndef   __PACKED_UNION
  68:Drivers/CMSIS/Include/cmsis_gcc.h ****   #define __PACKED_UNION                         union __attribute__((packed, aligned(1)))
  69:Drivers/CMSIS/Include/cmsis_gcc.h **** #endif
  70:Drivers/CMSIS/Include/cmsis_gcc.h **** #ifndef   __UNALIGNED_UINT32        /* deprecated */
  71:Drivers/CMSIS/Include/cmsis_gcc.h ****   #pragma GCC diagnostic push
  72:Drivers/CMSIS/Include/cmsis_gcc.h ****   #pragma GCC diagnostic ignored "-Wpacked"
  73:Drivers/CMSIS/Include/cmsis_gcc.h ****   #pragma GCC diagnostic ignored "-Wattributes"
  74:Drivers/CMSIS/Include/cmsis_gcc.h ****   struct __attribute__((packed)) T_UINT32 { uint32_t v; };
  75:Drivers/CMSIS/Include/cmsis_gcc.h ****   #pragma GCC diagnostic pop
  76:Drivers/CMSIS/Include/cmsis_gcc.h ****   #define __UNALIGNED_UINT32(x)                  (((struct T_UINT32 *)(x))->v)
  77:Drivers/CMSIS/Include/cmsis_gcc.h **** #endif
  78:Drivers/CMSIS/Include/cmsis_gcc.h **** #ifndef   __UNALIGNED_UINT16_WRITE
  79:Drivers/CMSIS/Include/cmsis_gcc.h ****   #pragma GCC diagnostic push
  80:Drivers/CMSIS/Include/cmsis_gcc.h ****   #pragma GCC diagnostic ignored "-Wpacked"
  81:Drivers/CMSIS/Include/cmsis_gcc.h ****   #pragma GCC diagnostic ignored "-Wattributes"
  82:Drivers/CMSIS/Include/cmsis_gcc.h ****   __PACKED_STRUCT T_UINT16_WRITE { uint16_t v; };
  83:Drivers/CMSIS/Include/cmsis_gcc.h ****   #pragma GCC diagnostic pop
  84:Drivers/CMSIS/Include/cmsis_gcc.h ****   #define __UNALIGNED_UINT16_WRITE(addr, val)    (void)((((struct T_UINT16_WRITE *)(void *)(addr))-
  85:Drivers/CMSIS/Include/cmsis_gcc.h **** #endif
  86:Drivers/CMSIS/Include/cmsis_gcc.h **** #ifndef   __UNALIGNED_UINT16_READ
  87:Drivers/CMSIS/Include/cmsis_gcc.h ****   #pragma GCC diagnostic push
  88:Drivers/CMSIS/Include/cmsis_gcc.h ****   #pragma GCC diagnostic ignored "-Wpacked"
  89:Drivers/CMSIS/Include/cmsis_gcc.h ****   #pragma GCC diagnostic ignored "-Wattributes"
  90:Drivers/CMSIS/Include/cmsis_gcc.h ****   __PACKED_STRUCT T_UINT16_READ { uint16_t v; };
  91:Drivers/CMSIS/Include/cmsis_gcc.h ****   #pragma GCC diagnostic pop
ARM GAS  C:\Users\Cheng\AppData\Local\Temp\ccchMOG9.s 			page 6


  92:Drivers/CMSIS/Include/cmsis_gcc.h ****   #define __UNALIGNED_UINT16_READ(addr)          (((const struct T_UINT16_READ *)(const void *)(add
  93:Drivers/CMSIS/Include/cmsis_gcc.h **** #endif
  94:Drivers/CMSIS/Include/cmsis_gcc.h **** #ifndef   __UNALIGNED_UINT32_WRITE
  95:Drivers/CMSIS/Include/cmsis_gcc.h ****   #pragma GCC diagnostic push
  96:Drivers/CMSIS/Include/cmsis_gcc.h ****   #pragma GCC diagnostic ignored "-Wpacked"
  97:Drivers/CMSIS/Include/cmsis_gcc.h ****   #pragma GCC diagnostic ignored "-Wattributes"
  98:Drivers/CMSIS/Include/cmsis_gcc.h ****   __PACKED_STRUCT T_UINT32_WRITE { uint32_t v; };
  99:Drivers/CMSIS/Include/cmsis_gcc.h ****   #pragma GCC diagnostic pop
 100:Drivers/CMSIS/Include/cmsis_gcc.h ****   #define __UNALIGNED_UINT32_WRITE(addr, val)    (void)((((struct T_UINT32_WRITE *)(void *)(addr))-
 101:Drivers/CMSIS/Include/cmsis_gcc.h **** #endif
 102:Drivers/CMSIS/Include/cmsis_gcc.h **** #ifndef   __UNALIGNED_UINT32_READ
 103:Drivers/CMSIS/Include/cmsis_gcc.h ****   #pragma GCC diagnostic push
 104:Drivers/CMSIS/Include/cmsis_gcc.h ****   #pragma GCC diagnostic ignored "-Wpacked"
 105:Drivers/CMSIS/Include/cmsis_gcc.h ****   #pragma GCC diagnostic ignored "-Wattributes"
 106:Drivers/CMSIS/Include/cmsis_gcc.h ****   __PACKED_STRUCT T_UINT32_READ { uint32_t v; };
 107:Drivers/CMSIS/Include/cmsis_gcc.h ****   #pragma GCC diagnostic pop
 108:Drivers/CMSIS/Include/cmsis_gcc.h ****   #define __UNALIGNED_UINT32_READ(addr)          (((const struct T_UINT32_READ *)(const void *)(add
 109:Drivers/CMSIS/Include/cmsis_gcc.h **** #endif
 110:Drivers/CMSIS/Include/cmsis_gcc.h **** #ifndef   __ALIGNED
 111:Drivers/CMSIS/Include/cmsis_gcc.h ****   #define __ALIGNED(x)                           __attribute__((aligned(x)))
 112:Drivers/CMSIS/Include/cmsis_gcc.h **** #endif
 113:Drivers/CMSIS/Include/cmsis_gcc.h **** #ifndef   __RESTRICT
 114:Drivers/CMSIS/Include/cmsis_gcc.h ****   #define __RESTRICT                             __restrict
 115:Drivers/CMSIS/Include/cmsis_gcc.h **** #endif
 116:Drivers/CMSIS/Include/cmsis_gcc.h **** 
 117:Drivers/CMSIS/Include/cmsis_gcc.h **** 
 118:Drivers/CMSIS/Include/cmsis_gcc.h **** /* ###########################  Core Function Access  ########################### */
 119:Drivers/CMSIS/Include/cmsis_gcc.h **** /** \ingroup  CMSIS_Core_FunctionInterface
 120:Drivers/CMSIS/Include/cmsis_gcc.h ****     \defgroup CMSIS_Core_RegAccFunctions CMSIS Core Register Access Functions
 121:Drivers/CMSIS/Include/cmsis_gcc.h ****   @{
 122:Drivers/CMSIS/Include/cmsis_gcc.h ****  */
 123:Drivers/CMSIS/Include/cmsis_gcc.h **** 
 124:Drivers/CMSIS/Include/cmsis_gcc.h **** /**
 125:Drivers/CMSIS/Include/cmsis_gcc.h ****   \brief   Enable IRQ Interrupts
 126:Drivers/CMSIS/Include/cmsis_gcc.h ****   \details Enables IRQ interrupts by clearing the I-bit in the CPSR.
 127:Drivers/CMSIS/Include/cmsis_gcc.h ****            Can only be executed in Privileged modes.
 128:Drivers/CMSIS/Include/cmsis_gcc.h ****  */
 129:Drivers/CMSIS/Include/cmsis_gcc.h **** __STATIC_FORCEINLINE void __enable_irq(void)
 130:Drivers/CMSIS/Include/cmsis_gcc.h **** {
 131:Drivers/CMSIS/Include/cmsis_gcc.h ****   __ASM volatile ("cpsie i" : : : "memory");
 132:Drivers/CMSIS/Include/cmsis_gcc.h **** }
 133:Drivers/CMSIS/Include/cmsis_gcc.h **** 
 134:Drivers/CMSIS/Include/cmsis_gcc.h **** 
 135:Drivers/CMSIS/Include/cmsis_gcc.h **** /**
 136:Drivers/CMSIS/Include/cmsis_gcc.h ****   \brief   Disable IRQ Interrupts
 137:Drivers/CMSIS/Include/cmsis_gcc.h ****   \details Disables IRQ interrupts by setting the I-bit in the CPSR.
 138:Drivers/CMSIS/Include/cmsis_gcc.h ****            Can only be executed in Privileged modes.
 139:Drivers/CMSIS/Include/cmsis_gcc.h ****  */
 140:Drivers/CMSIS/Include/cmsis_gcc.h **** __STATIC_FORCEINLINE void __disable_irq(void)
  37              		.loc 2 140 27 view .LVU2
  38              	.LBB5:
 141:Drivers/CMSIS/Include/cmsis_gcc.h **** {
 142:Drivers/CMSIS/Include/cmsis_gcc.h ****   __ASM volatile ("cpsid i" : : : "memory");
  39              		.loc 2 142 3 view .LVU3
  40              		.syntax unified
  41              	@ 142 "Drivers/CMSIS/Include/cmsis_gcc.h" 1
  42 0000 72B6     		cpsid i
ARM GAS  C:\Users\Cheng\AppData\Local\Temp\ccchMOG9.s 			page 7


  43              	@ 0 "" 2
  44              		.thumb
  45              		.syntax unified
  46              	.L2:
  47              	.LBE5:
  48              	.LBE4:
 160:Core/Src/main.c ****     while (1)
  49              		.loc 1 160 5 discriminator 1 view .LVU4
 161:Core/Src/main.c ****     {
 162:Core/Src/main.c ****     }
  50              		.loc 1 162 5 discriminator 1 view .LVU5
 160:Core/Src/main.c ****     while (1)
  51              		.loc 1 160 11 discriminator 1 view .LVU6
  52 0002 FEE7     		b	.L2
  53              		.cfi_endproc
  54              	.LFE70:
  56              		.section	.text.SystemClock_Config,"ax",%progbits
  57              		.align	1
  58              		.global	SystemClock_Config
  59              		.syntax unified
  60              		.thumb
  61              		.thumb_func
  62              		.fpu softvfp
  64              	SystemClock_Config:
  65              	.LFB69:
 115:Core/Src/main.c ****     RCC_OscInitTypeDef RCC_OscInitStruct = {0};
  66              		.loc 1 115 1 view -0
  67              		.cfi_startproc
  68              		@ args = 0, pretend = 0, frame = 64
  69              		@ frame_needed = 0, uses_anonymous_args = 0
  70 0000 00B5     		push	{lr}
  71              	.LCFI0:
  72              		.cfi_def_cfa_offset 4
  73              		.cfi_offset 14, -4
  74 0002 91B0     		sub	sp, sp, #68
  75              	.LCFI1:
  76              		.cfi_def_cfa_offset 72
 116:Core/Src/main.c ****     RCC_ClkInitTypeDef RCC_ClkInitStruct = {0};
  77              		.loc 1 116 5 view .LVU8
 116:Core/Src/main.c ****     RCC_ClkInitTypeDef RCC_ClkInitStruct = {0};
  78              		.loc 1 116 24 is_stmt 0 view .LVU9
  79 0004 0023     		movs	r3, #0
  80 0006 0993     		str	r3, [sp, #36]
  81 0008 0B93     		str	r3, [sp, #44]
  82 000a 0C93     		str	r3, [sp, #48]
 117:Core/Src/main.c **** 
  83              		.loc 1 117 5 is_stmt 1 view .LVU10
 117:Core/Src/main.c **** 
  84              		.loc 1 117 24 is_stmt 0 view .LVU11
  85 000c 0193     		str	r3, [sp, #4]
  86 000e 0293     		str	r3, [sp, #8]
  87 0010 0393     		str	r3, [sp, #12]
  88 0012 0493     		str	r3, [sp, #16]
  89 0014 0593     		str	r3, [sp, #20]
 122:Core/Src/main.c ****     RCC_OscInitStruct.HSEState = RCC_HSE_ON;
  90              		.loc 1 122 5 is_stmt 1 view .LVU12
 122:Core/Src/main.c ****     RCC_OscInitStruct.HSEState = RCC_HSE_ON;
ARM GAS  C:\Users\Cheng\AppData\Local\Temp\ccchMOG9.s 			page 8


  91              		.loc 1 122 38 is_stmt 0 view .LVU13
  92 0016 0121     		movs	r1, #1
  93 0018 0691     		str	r1, [sp, #24]
 123:Core/Src/main.c ****     RCC_OscInitStruct.HSEPredivValue = RCC_HSE_PREDIV_DIV1;
  94              		.loc 1 123 5 is_stmt 1 view .LVU14
 123:Core/Src/main.c ****     RCC_OscInitStruct.HSEPredivValue = RCC_HSE_PREDIV_DIV1;
  95              		.loc 1 123 32 is_stmt 0 view .LVU15
  96 001a 4FF48032 		mov	r2, #65536
  97 001e 0792     		str	r2, [sp, #28]
 124:Core/Src/main.c ****     RCC_OscInitStruct.HSIState = RCC_HSI_ON;
  98              		.loc 1 124 5 is_stmt 1 view .LVU16
 124:Core/Src/main.c ****     RCC_OscInitStruct.HSIState = RCC_HSI_ON;
  99              		.loc 1 124 38 is_stmt 0 view .LVU17
 100 0020 0893     		str	r3, [sp, #32]
 125:Core/Src/main.c ****     RCC_OscInitStruct.PLL.PLLState = RCC_PLL_ON;
 101              		.loc 1 125 5 is_stmt 1 view .LVU18
 125:Core/Src/main.c ****     RCC_OscInitStruct.PLL.PLLState = RCC_PLL_ON;
 102              		.loc 1 125 32 is_stmt 0 view .LVU19
 103 0022 0A91     		str	r1, [sp, #40]
 126:Core/Src/main.c ****     RCC_OscInitStruct.PLL.PLLSource = RCC_PLLSOURCE_HSE;
 104              		.loc 1 126 5 is_stmt 1 view .LVU20
 126:Core/Src/main.c ****     RCC_OscInitStruct.PLL.PLLSource = RCC_PLLSOURCE_HSE;
 105              		.loc 1 126 36 is_stmt 0 view .LVU21
 106 0024 0223     		movs	r3, #2
 107 0026 0D93     		str	r3, [sp, #52]
 127:Core/Src/main.c ****     RCC_OscInitStruct.PLL.PLLMUL = RCC_PLL_MUL9;
 108              		.loc 1 127 5 is_stmt 1 view .LVU22
 127:Core/Src/main.c ****     RCC_OscInitStruct.PLL.PLLMUL = RCC_PLL_MUL9;
 109              		.loc 1 127 37 is_stmt 0 view .LVU23
 110 0028 0E92     		str	r2, [sp, #56]
 128:Core/Src/main.c ****     if (HAL_RCC_OscConfig(&RCC_OscInitStruct) != HAL_OK)
 111              		.loc 1 128 5 is_stmt 1 view .LVU24
 128:Core/Src/main.c ****     if (HAL_RCC_OscConfig(&RCC_OscInitStruct) != HAL_OK)
 112              		.loc 1 128 34 is_stmt 0 view .LVU25
 113 002a 4FF4E013 		mov	r3, #1835008
 114 002e 0F93     		str	r3, [sp, #60]
 129:Core/Src/main.c ****     {
 115              		.loc 1 129 5 is_stmt 1 view .LVU26
 129:Core/Src/main.c ****     {
 116              		.loc 1 129 9 is_stmt 0 view .LVU27
 117 0030 06A8     		add	r0, sp, #24
 118 0032 FFF7FEFF 		bl	HAL_RCC_OscConfig
 119              	.LVL0:
 129:Core/Src/main.c ****     {
 120              		.loc 1 129 8 view .LVU28
 121 0036 80B9     		cbnz	r0, .L7
 135:Core/Src/main.c ****     RCC_ClkInitStruct.SYSCLKSource = RCC_SYSCLKSOURCE_PLLCLK;
 122              		.loc 1 135 5 is_stmt 1 view .LVU29
 135:Core/Src/main.c ****     RCC_ClkInitStruct.SYSCLKSource = RCC_SYSCLKSOURCE_PLLCLK;
 123              		.loc 1 135 33 is_stmt 0 view .LVU30
 124 0038 0F23     		movs	r3, #15
 125 003a 0193     		str	r3, [sp, #4]
 136:Core/Src/main.c ****     RCC_ClkInitStruct.AHBCLKDivider = RCC_SYSCLK_DIV1;
 126              		.loc 1 136 5 is_stmt 1 view .LVU31
 136:Core/Src/main.c ****     RCC_ClkInitStruct.AHBCLKDivider = RCC_SYSCLK_DIV1;
 127              		.loc 1 136 36 is_stmt 0 view .LVU32
 128 003c 0221     		movs	r1, #2
ARM GAS  C:\Users\Cheng\AppData\Local\Temp\ccchMOG9.s 			page 9


 129 003e 0291     		str	r1, [sp, #8]
 137:Core/Src/main.c ****     RCC_ClkInitStruct.APB1CLKDivider = RCC_HCLK_DIV2;
 130              		.loc 1 137 5 is_stmt 1 view .LVU33
 137:Core/Src/main.c ****     RCC_ClkInitStruct.APB1CLKDivider = RCC_HCLK_DIV2;
 131              		.loc 1 137 37 is_stmt 0 view .LVU34
 132 0040 0023     		movs	r3, #0
 133 0042 0393     		str	r3, [sp, #12]
 138:Core/Src/main.c ****     RCC_ClkInitStruct.APB2CLKDivider = RCC_HCLK_DIV1;
 134              		.loc 1 138 5 is_stmt 1 view .LVU35
 138:Core/Src/main.c ****     RCC_ClkInitStruct.APB2CLKDivider = RCC_HCLK_DIV1;
 135              		.loc 1 138 38 is_stmt 0 view .LVU36
 136 0044 4FF48062 		mov	r2, #1024
 137 0048 0492     		str	r2, [sp, #16]
 139:Core/Src/main.c **** 
 138              		.loc 1 139 5 is_stmt 1 view .LVU37
 139:Core/Src/main.c **** 
 139              		.loc 1 139 38 is_stmt 0 view .LVU38
 140 004a 0593     		str	r3, [sp, #20]
 141:Core/Src/main.c ****     {
 141              		.loc 1 141 5 is_stmt 1 view .LVU39
 141:Core/Src/main.c ****     {
 142              		.loc 1 141 9 is_stmt 0 view .LVU40
 143 004c 01A8     		add	r0, sp, #4
 144 004e FFF7FEFF 		bl	HAL_RCC_ClockConfig
 145              	.LVL1:
 141:Core/Src/main.c ****     {
 146              		.loc 1 141 8 view .LVU41
 147 0052 20B9     		cbnz	r0, .L8
 145:Core/Src/main.c **** 
 148              		.loc 1 145 1 view .LVU42
 149 0054 11B0     		add	sp, sp, #68
 150              	.LCFI2:
 151              		.cfi_remember_state
 152              		.cfi_def_cfa_offset 4
 153              		@ sp needed
 154 0056 5DF804FB 		ldr	pc, [sp], #4
 155              	.L7:
 156              	.LCFI3:
 157              		.cfi_restore_state
 131:Core/Src/main.c ****     }
 158              		.loc 1 131 9 is_stmt 1 view .LVU43
 159 005a FFF7FEFF 		bl	Error_Handler
 160              	.LVL2:
 161              	.L8:
 143:Core/Src/main.c ****     }
 162              		.loc 1 143 9 view .LVU44
 163 005e FFF7FEFF 		bl	Error_Handler
 164              	.LVL3:
 165              		.cfi_endproc
 166              	.LFE69:
 168              		.section	.text.main,"ax",%progbits
 169              		.align	1
 170              		.global	main
 171              		.syntax unified
 172              		.thumb
 173              		.thumb_func
 174              		.fpu softvfp
ARM GAS  C:\Users\Cheng\AppData\Local\Temp\ccchMOG9.s 			page 10


 176              	main:
 177              	.LFB68:
  68:Core/Src/main.c ****     /* USER CODE BEGIN 1 */
 178              		.loc 1 68 1 view -0
 179              		.cfi_startproc
 180              		@ Volatile: function does not return.
 181              		@ args = 0, pretend = 0, frame = 0
 182              		@ frame_needed = 0, uses_anonymous_args = 0
 183 0000 08B5     		push	{r3, lr}
 184              	.LCFI4:
 185              		.cfi_def_cfa_offset 8
 186              		.cfi_offset 3, -8
 187              		.cfi_offset 14, -4
  76:Core/Src/main.c **** 
 188              		.loc 1 76 5 view .LVU46
 189 0002 FFF7FEFF 		bl	HAL_Init
 190              	.LVL4:
  83:Core/Src/main.c **** 
 191              		.loc 1 83 5 view .LVU47
 192 0006 FFF7FEFF 		bl	SystemClock_Config
 193              	.LVL5:
  90:Core/Src/main.c ****     MX_TIM1_Init();
 194              		.loc 1 90 5 view .LVU48
 195 000a FFF7FEFF 		bl	MX_GPIO_Init
 196              	.LVL6:
  91:Core/Src/main.c ****     /* USER CODE BEGIN 2 */
 197              		.loc 1 91 5 view .LVU49
 198 000e FFF7FEFF 		bl	MX_TIM1_Init
 199              	.LVL7:
  93:Core/Src/main.c ****     OLED_Init();
 200              		.loc 1 93 5 view .LVU50
 201 0012 FFF7FEFF 		bl	mx_ina226_init
 202              	.LVL8:
  94:Core/Src/main.c ****     OLED_Clear();
 203              		.loc 1 94 5 view .LVU51
 204 0016 FFF7FEFF 		bl	OLED_Init
 205              	.LVL9:
  95:Core/Src/main.c ****     HAL_TIM_Base_Start_IT(&htim1);
 206              		.loc 1 95 5 view .LVU52
 207 001a FFF7FEFF 		bl	OLED_Clear
 208              	.LVL10:
  96:Core/Src/main.c ****     /* USER CODE END 2 */
 209              		.loc 1 96 5 view .LVU53
 210 001e 0248     		ldr	r0, .L12
 211 0020 FFF7FEFF 		bl	HAL_TIM_Base_Start_IT
 212              	.LVL11:
 213              	.L10:
 101:Core/Src/main.c ****     {
 214              		.loc 1 101 5 discriminator 1 view .LVU54
 106:Core/Src/main.c ****     /* USER CODE END 3 */
 215              		.loc 1 106 5 discriminator 1 view .LVU55
 101:Core/Src/main.c ****     {
 216              		.loc 1 101 11 discriminator 1 view .LVU56
 217 0024 FEE7     		b	.L10
 218              	.L13:
 219 0026 00BF     		.align	2
 220              	.L12:
ARM GAS  C:\Users\Cheng\AppData\Local\Temp\ccchMOG9.s 			page 11


 221 0028 00000000 		.word	htim1
 222              		.cfi_endproc
 223              	.LFE68:
 225              		.text
 226              	.Letext0:
 227              		.file 3 "c:\\users\\cheng\\.iotlink\\tools\\gcc-arm-none-eabi\\arm-none-eabi\\include\\machine\\_d
 228              		.file 4 "c:\\users\\cheng\\.iotlink\\tools\\gcc-arm-none-eabi\\arm-none-eabi\\include\\sys\\_stdin
 229              		.file 5 "Drivers/CMSIS/Include/core_cm3.h"
 230              		.file 6 "Drivers/CMSIS/Device/ST/STM32F1xx/Include/system_stm32f1xx.h"
 231              		.file 7 "Drivers/CMSIS/Device/ST/STM32F1xx/Include/stm32f103xb.h"
 232              		.file 8 "Drivers/STM32F1xx_HAL_Driver/Inc/stm32f1xx_hal_def.h"
 233              		.file 9 "Drivers/STM32F1xx_HAL_Driver/Inc/stm32f1xx_hal_rcc.h"
 234              		.file 10 "Drivers/STM32F1xx_HAL_Driver/Inc/stm32f1xx_hal_rcc_ex.h"
 235              		.file 11 "Drivers/STM32F1xx_HAL_Driver/Inc/stm32f1xx_hal_dma.h"
 236              		.file 12 "Drivers/STM32F1xx_HAL_Driver/Inc/stm32f1xx_hal_tim.h"
 237              		.file 13 "Drivers/STM32F1xx_HAL_Driver/Inc/stm32f1xx_hal.h"
 238              		.file 14 "Core/Inc/tim.h"
 239              		.file 15 "c:\\users\\cheng\\.iotlink\\tools\\gcc-arm-none-eabi\\arm-none-eabi\\include\\sys\\lock.
 240              		.file 16 "c:\\users\\cheng\\.iotlink\\tools\\gcc-arm-none-eabi\\arm-none-eabi\\include\\sys\\_type
 241              		.file 17 "c:\\users\\cheng\\.iotlink\\tools\\gcc-arm-none-eabi\\lib\\gcc\\arm-none-eabi\\9.2.1\\in
 242              		.file 18 "c:\\users\\cheng\\.iotlink\\tools\\gcc-arm-none-eabi\\arm-none-eabi\\include\\sys\\reent
 243              		.file 19 "Core/Inc/gpio.h"
ARM GAS  C:\Users\Cheng\AppData\Local\Temp\ccchMOG9.s 			page 12


DEFINED SYMBOLS
                            *ABS*:00000000 main.c
C:\Users\Cheng\AppData\Local\Temp\ccchMOG9.s:16     .text.Error_Handler:00000000 $t
C:\Users\Cheng\AppData\Local\Temp\ccchMOG9.s:24     .text.Error_Handler:00000000 Error_Handler
C:\Users\Cheng\AppData\Local\Temp\ccchMOG9.s:57     .text.SystemClock_Config:00000000 $t
C:\Users\Cheng\AppData\Local\Temp\ccchMOG9.s:64     .text.SystemClock_Config:00000000 SystemClock_Config
C:\Users\Cheng\AppData\Local\Temp\ccchMOG9.s:169    .text.main:00000000 $t
C:\Users\Cheng\AppData\Local\Temp\ccchMOG9.s:176    .text.main:00000000 main
C:\Users\Cheng\AppData\Local\Temp\ccchMOG9.s:221    .text.main:00000028 $d

UNDEFINED SYMBOLS
HAL_RCC_OscConfig
HAL_RCC_ClockConfig
HAL_Init
MX_GPIO_Init
MX_TIM1_Init
mx_ina226_init
OLED_Init
OLED_Clear
HAL_TIM_Base_Start_IT
htim1
